Sep 21, 2013 11:36:02 AM org.apache.catalina.core.AprLifecycleListener init
INFO: The APR based Apache Tomcat Native library which allows optimal performance in production environments was not found on the java.library.path: .:/Library/Java/Extensions:/System/Library/Java/Extensions:/usr/lib/java
Sep 21, 2013 11:36:02 AM org.apache.coyote.AbstractProtocol init
INFO: Initializing ProtocolHandler ["http-bio-8780"]
Sep 21, 2013 11:36:02 AM org.apache.coyote.AbstractProtocol init
INFO: Initializing ProtocolHandler ["http-nio-8783"]
Sep 21, 2013 11:36:02 AM org.apache.tomcat.util.net.NioSelectorPool getSharedSelector
INFO: Using a shared selector for servlet write/read
Sep 21, 2013 11:36:02 AM org.apache.coyote.AbstractProtocol init
INFO: Initializing ProtocolHandler ["ajp-bio-8789"]
Sep 21, 2013 11:36:02 AM org.apache.catalina.startup.Catalina load
INFO: Initialization processed in 996 ms
Sep 21, 2013 11:36:02 AM org.apache.catalina.core.StandardService startInternal
INFO: Starting service Catalina
Sep 21, 2013 11:36:02 AM org.apache.catalina.core.StandardEngine startInternal
INFO: Starting Servlet Engine: Apache Tomcat/7.0.22
Sep 21, 2013 11:36:02 AM org.apache.catalina.startup.HostConfig deployDirectory
INFO: Deploying web application directory birtviewer
Sep 21, 2013 11:36:03 AM org.apache.catalina.startup.TaglibUriRule body
INFO: TLD skipped. URI: http://www.eclipse.org/birt/taglibs/birt.tld is already defined
Sep 21, 2013 11:36:05 AM org.apache.catalina.startup.HostConfig deployDirectory
INFO: Deploying web application directory javadoc
Sep 21, 2013 11:36:05 AM org.apache.catalina.startup.HostConfig deployDirectory
INFO: Deploying web application directory konakart
Sep 21, 2013 11:36:07 AM org.apache.catalina.startup.HostConfig deployDirectory
INFO: Deploying web application directory konakartadmin
Sep 21, 2013 11:36:09 AM org.apache.catalina.startup.HostConfig deployDirectory
INFO: Deploying web application directory ROOT
Sep 21, 2013 11:36:09 AM org.apache.coyote.AbstractProtocol start
INFO: Starting ProtocolHandler ["http-bio-8780"]
Sep 21, 2013 11:36:09 AM org.apache.coyote.AbstractProtocol start
INFO: Starting ProtocolHandler ["http-nio-8783"]
Sep 21, 2013 11:36:09 AM org.apache.coyote.AbstractProtocol start
INFO: Starting ProtocolHandler ["ajp-bio-8789"]
Sep 21, 2013 11:36:09 AM org.apache.catalina.startup.Catalina start
INFO: Server startup in 7224 ms
Sep 21, 2013 11:39:51 AM org.apache.catalina.core.StandardServer await
INFO: A valid shutdown command was received via the shutdown port. Stopping the Server instance.
Sep 21, 2013 11:39:51 AM org.apache.coyote.AbstractProtocol pause
INFO: Pausing ProtocolHandler ["http-bio-8780"]
Sep 21, 2013 11:39:52 AM org.apache.coyote.AbstractProtocol pause
INFO: Pausing ProtocolHandler ["http-nio-8783"]
Sep 21, 2013 11:39:53 AM org.apache.coyote.AbstractProtocol pause
INFO: Pausing ProtocolHandler ["ajp-bio-8789"]
Sep 21, 2013 11:39:54 AM org.apache.catalina.core.StandardService stopInternal
INFO: Stopping service Catalina
Sep 21, 2013 11:39:54 AM org.apache.catalina.loader.WebappClassLoader clearReferencesJdbc
SEVERE: The web application [/konakart] registered the JDBC driver [com.mysql.jdbc.Driver] but failed to unregister it when the web application was stopped. To prevent a memory leak, the JDBC Driver has been forcibly unregistered.
Sep 21, 2013 11:39:54 AM org.apache.catalina.loader.WebappClassLoader clearReferencesThreads
SEVERE: The web application [/konakart] appears to have started a thread named [Thread-9] but has failed to stop it. This is very likely to create a memory leak.
Sep 21, 2013 11:39:54 AM org.apache.coyote.AbstractProtocol stop
INFO: Stopping ProtocolHandler ["http-bio-8780"]
Sep 21, 2013 11:39:54 AM org.apache.coyote.AbstractProtocol stop
INFO: Stopping ProtocolHandler ["http-nio-8783"]
Sep 21, 2013 11:39:54 AM org.apache.coyote.AbstractProtocol stop
INFO: Stopping ProtocolHandler ["ajp-bio-8789"]
Sep 21, 2013 11:39:54 AM org.apache.coyote.AbstractProtocol destroy
INFO: Destroying ProtocolHandler ["http-bio-8780"]
Sep 21, 2013 11:39:54 AM org.apache.coyote.AbstractProtocol destroy
INFO: Destroying ProtocolHandler ["http-nio-8783"]
Sep 21, 2013 11:39:54 AM org.apache.coyote.AbstractProtocol destroy
INFO: Destroying ProtocolHandler ["ajp-bio-8789"]
Sep 21, 2013 11:40:00 AM org.apache.catalina.core.AprLifecycleListener init
INFO: The APR based Apache Tomcat Native library which allows optimal performance in production environments was not found on the java.library.path: .:/Library/Java/Extensions:/System/Library/Java/Extensions:/usr/lib/java
Sep 21, 2013 11:40:00 AM org.apache.coyote.AbstractProtocol init
INFO: Initializing ProtocolHandler ["http-bio-8780"]
Sep 21, 2013 11:40:00 AM org.apache.coyote.AbstractProtocol init
INFO: Initializing ProtocolHandler ["http-nio-8783"]
Sep 21, 2013 11:40:00 AM org.apache.tomcat.util.net.NioSelectorPool getSharedSelector
INFO: Using a shared selector for servlet write/read
Sep 21, 2013 11:40:00 AM org.apache.coyote.AbstractProtocol init
INFO: Initializing ProtocolHandler ["ajp-bio-8789"]
Sep 21, 2013 11:40:00 AM org.apache.catalina.startup.Catalina load
INFO: Initialization processed in 727 ms
Sep 21, 2013 11:40:01 AM org.apache.catalina.core.StandardService startInternal
INFO: Starting service Catalina
Sep 21, 2013 11:40:01 AM org.apache.catalina.core.StandardEngine startInternal
INFO: Starting Servlet Engine: Apache Tomcat/7.0.22
Sep 21, 2013 11:40:01 AM org.apache.catalina.startup.HostConfig deployDirectory
INFO: Deploying web application directory birtviewer
Sep 21, 2013 11:40:01 AM org.apache.catalina.startup.TaglibUriRule body
INFO: TLD skipped. URI: http://www.eclipse.org/birt/taglibs/birt.tld is already defined
Sep 21, 2013 11:40:03 AM org.apache.catalina.startup.HostConfig deployDirectory
INFO: Deploying web application directory javadoc
Sep 21, 2013 11:40:03 AM org.apache.catalina.startup.HostConfig deployDirectory
INFO: Deploying web application directory konakart
Sep 21, 2013 11:40:05 AM org.apache.catalina.startup.HostConfig deployDirectory
INFO: Deploying web application directory konakartadmin
Sep 21, 2013 11:40:06 AM org.apache.catalina.startup.HostConfig deployDirectory
INFO: Deploying web application directory ROOT
Sep 21, 2013 11:40:06 AM org.apache.coyote.AbstractProtocol start
INFO: Starting ProtocolHandler ["http-bio-8780"]
Sep 21, 2013 11:40:06 AM org.apache.coyote.AbstractProtocol start
INFO: Starting ProtocolHandler ["http-nio-8783"]
Sep 21, 2013 11:40:06 AM org.apache.coyote.AbstractProtocol start
INFO: Starting ProtocolHandler ["ajp-bio-8789"]
Sep 21, 2013 11:40:06 AM org.apache.catalina.startup.Catalina start
INFO: Server startup in 5517 ms
Sep 21, 2013 12:20:15 PM com.konakart.reports.GetDbParams <init>
WARNING: Cannot locate configuration source C:/Program Files/KonaKart/webapps/konakartadmin/WEB-INF/classes/konakartadmin.properties
Sep 21, 2013 12:49:49 PM org.apache.catalina.core.StandardServer await
INFO: A valid shutdown command was received via the shutdown port. Stopping the Server instance.
Sep 21, 2013 12:49:49 PM org.apache.coyote.AbstractProtocol pause
INFO: Pausing ProtocolHandler ["http-bio-8780"]
Sep 21, 2013 12:49:50 PM org.apache.coyote.AbstractProtocol pause
INFO: Pausing ProtocolHandler ["http-nio-8783"]
Sep 21, 2013 12:49:51 PM org.apache.coyote.AbstractProtocol pause
INFO: Pausing ProtocolHandler ["ajp-bio-8789"]
Sep 21, 2013 12:49:52 PM org.apache.catalina.core.StandardService stopInternal
INFO: Stopping service Catalina
Sep 21, 2013 12:49:52 PM org.apache.catalina.loader.WebappClassLoader clearReferencesJdbc
SEVERE: The web application [/konakart] registered the JDBC driver [com.mysql.jdbc.Driver] but failed to unregister it when the web application was stopped. To prevent a memory leak, the JDBC Driver has been forcibly unregistered.
Sep 21, 2013 12:49:52 PM org.apache.catalina.loader.WebappClassLoader clearReferencesThreads
SEVERE: The web application [/konakart] appears to have started a thread named [Thread-8] but has failed to stop it. This is very likely to create a memory leak.
Sep 21, 2013 12:49:52 PM org.apache.catalina.loader.WebappClassLoader clearReferencesJdbc
SEVERE: The web application [/konakartadmin] registered the JDBC driver [com.mysql.jdbc.Driver] but failed to unregister it when the web application was stopped. To prevent a memory leak, the JDBC Driver has been forcibly unregistered.
Sep 21, 2013 12:49:52 PM org.apache.catalina.loader.WebappClassLoader clearReferencesThreads
SEVERE: The web application [/konakartadmin] appears to have started a thread named [Thread-17] but has failed to stop it. This is very likely to create a memory leak.
Sep 21, 2013 12:49:52 PM org.apache.coyote.AbstractProtocol stop
INFO: Stopping ProtocolHandler ["http-bio-8780"]
Sep 21, 2013 12:49:52 PM org.apache.coyote.AbstractProtocol stop
INFO: Stopping ProtocolHandler ["http-nio-8783"]
Sep 21, 2013 12:49:52 PM org.apache.coyote.AbstractProtocol stop
INFO: Stopping ProtocolHandler ["ajp-bio-8789"]
Sep 21, 2013 12:49:52 PM org.apache.coyote.AbstractProtocol destroy
INFO: Destroying ProtocolHandler ["http-bio-8780"]
Sep 21, 2013 12:49:52 PM org.apache.coyote.AbstractProtocol destroy
INFO: Destroying ProtocolHandler ["http-nio-8783"]
Sep 21, 2013 12:49:52 PM org.apache.coyote.AbstractProtocol destroy
INFO: Destroying ProtocolHandler ["ajp-bio-8789"]
Sep 21, 2013 12:51:24 PM org.apache.catalina.core.AprLifecycleListener init
INFO: The APR based Apache Tomcat Native library which allows optimal performance in production environments was not found on the java.library.path: .:/Library/Java/Extensions:/System/Library/Java/Extensions:/usr/lib/java
Sep 21, 2013 12:51:24 PM org.apache.coyote.AbstractProtocol init
INFO: Initializing ProtocolHandler ["http-bio-8780"]
Sep 21, 2013 12:51:24 PM org.apache.coyote.AbstractProtocol init
INFO: Initializing ProtocolHandler ["http-nio-8783"]
Sep 21, 2013 12:51:25 PM org.apache.tomcat.util.net.NioSelectorPool getSharedSelector
INFO: Using a shared selector for servlet write/read
Sep 21, 2013 12:51:25 PM org.apache.coyote.AbstractProtocol init
INFO: Initializing ProtocolHandler ["ajp-bio-8789"]
Sep 21, 2013 12:51:25 PM org.apache.catalina.startup.Catalina load
INFO: Initialization processed in 811 ms
Sep 21, 2013 12:51:25 PM org.apache.catalina.core.StandardService startInternal
INFO: Starting service Catalina
Sep 21, 2013 12:51:25 PM org.apache.catalina.core.StandardEngine startInternal
INFO: Starting Servlet Engine: Apache Tomcat/7.0.22
Sep 21, 2013 12:51:25 PM org.apache.catalina.startup.HostConfig deployDirectory
INFO: Deploying web application directory birtviewer
Sep 21, 2013 12:51:25 PM org.apache.catalina.startup.TaglibUriRule body
INFO: TLD skipped. URI: http://www.eclipse.org/birt/taglibs/birt.tld is already defined
Sep 21, 2013 12:51:27 PM org.apache.catalina.startup.HostConfig deployDirectory
INFO: Deploying web application directory javadoc
Sep 21, 2013 12:51:27 PM org.apache.catalina.startup.HostConfig deployDirectory
INFO: Deploying web application directory konakart
Sep 21, 2013 12:51:29 PM org.apache.catalina.startup.HostConfig deployDirectory
INFO: Deploying web application directory konakartadmin
Sep 21, 2013 12:51:30 PM org.apache.catalina.startup.HostConfig deployDirectory
INFO: Deploying web application directory ROOT
Sep 21, 2013 12:51:30 PM org.apache.coyote.AbstractProtocol start
INFO: Starting ProtocolHandler ["http-bio-8780"]
Sep 21, 2013 12:51:30 PM org.apache.coyote.AbstractProtocol start
INFO: Starting ProtocolHandler ["http-nio-8783"]
Sep 21, 2013 12:51:30 PM org.apache.coyote.AbstractProtocol start
INFO: Starting ProtocolHandler ["ajp-bio-8789"]
Sep 21, 2013 12:51:30 PM org.apache.catalina.startup.Catalina start
INFO: Server startup in 5671 ms
Sep 21, 2013 12:59:35 PM com.konakart.reports.GetDbParams <init>
WARNING: Cannot locate configuration source C:/Program Files/KonaKart/webapps/konakartadmin/WEB-INF/classes/konakartadmin.properties
Sep 21, 2013 1:16:31 PM org.apache.catalina.core.StandardServer await
INFO: A valid shutdown command was received via the shutdown port. Stopping the Server instance.
Sep 21, 2013 1:16:31 PM org.apache.coyote.AbstractProtocol pause
INFO: Pausing ProtocolHandler ["http-bio-8780"]
Sep 21, 2013 1:16:32 PM org.apache.coyote.AbstractProtocol pause
INFO: Pausing ProtocolHandler ["http-nio-8783"]
Sep 21, 2013 1:16:33 PM org.apache.coyote.AbstractProtocol pause
INFO: Pausing ProtocolHandler ["ajp-bio-8789"]
Sep 21, 2013 1:16:34 PM org.apache.catalina.core.StandardService stopInternal
INFO: Stopping service Catalina
Sep 21, 2013 1:16:34 PM org.apache.catalina.loader.WebappClassLoader clearReferencesJdbc
SEVERE: The web application [/konakart] registered the JDBC driver [com.mysql.jdbc.Driver] but failed to unregister it when the web application was stopped. To prevent a memory leak, the JDBC Driver has been forcibly unregistered.
Sep 21, 2013 1:16:34 PM org.apache.catalina.loader.WebappClassLoader clearReferencesThreads
SEVERE: The web application [/konakart] appears to have started a thread named [Thread-9] but has failed to stop it. This is very likely to create a memory leak.
Sep 21, 2013 1:16:34 PM org.apache.catalina.loader.WebappClassLoader clearReferencesJdbc
SEVERE: The web application [/konakartadmin] registered the JDBC driver [com.mysql.jdbc.Driver] but failed to unregister it when the web application was stopped. To prevent a memory leak, the JDBC Driver has been forcibly unregistered.
Sep 21, 2013 1:16:34 PM org.apache.catalina.loader.WebappClassLoader clearReferencesThreads
SEVERE: The web application [/konakartadmin] appears to have started a thread named [Thread-15] but has failed to stop it. This is very likely to create a memory leak.
Sep 21, 2013 1:16:34 PM org.apache.coyote.AbstractProtocol stop
INFO: Stopping ProtocolHandler ["http-bio-8780"]
Sep 21, 2013 1:16:34 PM org.apache.coyote.AbstractProtocol stop
INFO: Stopping ProtocolHandler ["http-nio-8783"]
Sep 21, 2013 1:16:34 PM org.apache.coyote.AbstractProtocol stop
INFO: Stopping ProtocolHandler ["ajp-bio-8789"]
Sep 21, 2013 1:16:34 PM org.apache.coyote.AbstractProtocol destroy
INFO: Destroying ProtocolHandler ["http-bio-8780"]
Sep 21, 2013 1:16:34 PM org.apache.coyote.AbstractProtocol destroy
INFO: Destroying ProtocolHandler ["http-nio-8783"]
Sep 21, 2013 1:16:34 PM org.apache.coyote.AbstractProtocol destroy
INFO: Destroying ProtocolHandler ["ajp-bio-8789"]
