Sep 20, 2013 7:18:38 PM org.apache.catalina.core.AprLifecycleListener init
INFO: The APR based Apache Tomcat Native library which allows optimal performance in production environments was not found on the java.library.path: .:/Library/Java/Extensions:/System/Library/Java/Extensions:/usr/lib/java
Sep 20, 2013 7:18:39 PM org.apache.coyote.AbstractProtocol init
INFO: Initializing ProtocolHandler ["http-bio-8780"]
Sep 20, 2013 7:18:39 PM org.apache.coyote.AbstractProtocol init
INFO: Initializing ProtocolHandler ["http-nio-8783"]
Sep 20, 2013 7:18:39 PM org.apache.tomcat.util.net.NioSelectorPool getSharedSelector
INFO: Using a shared selector for servlet write/read
Sep 20, 2013 7:18:39 PM org.apache.coyote.AbstractProtocol init
INFO: Initializing ProtocolHandler ["ajp-bio-8789"]
Sep 20, 2013 7:18:39 PM org.apache.catalina.startup.Catalina load
INFO: Initialization processed in 765 ms
Sep 20, 2013 7:18:39 PM org.apache.catalina.core.StandardService startInternal
INFO: Starting service Catalina
Sep 20, 2013 7:18:39 PM org.apache.catalina.core.StandardEngine startInternal
INFO: Starting Servlet Engine: Apache Tomcat/7.0.22
Sep 20, 2013 7:18:39 PM org.apache.catalina.startup.HostConfig deployDirectory
INFO: Deploying web application directory birtviewer
Sep 20, 2013 7:18:39 PM org.apache.catalina.startup.TaglibUriRule body
INFO: TLD skipped. URI: http://www.eclipse.org/birt/taglibs/birt.tld is already defined
Sep 20, 2013 7:18:41 PM org.apache.catalina.startup.HostConfig deployDirectory
INFO: Deploying web application directory javadoc
Sep 20, 2013 7:18:41 PM org.apache.catalina.startup.HostConfig deployDirectory
INFO: Deploying web application directory konakart
Sep 20, 2013 7:18:43 PM org.apache.catalina.startup.HostConfig deployDirectory
INFO: Deploying web application directory konakartadmin
Sep 20, 2013 7:18:44 PM org.apache.catalina.startup.HostConfig deployDirectory
INFO: Deploying web application directory ROOT
Sep 20, 2013 7:18:45 PM org.apache.coyote.AbstractProtocol start
INFO: Starting ProtocolHandler ["http-bio-8780"]
Sep 20, 2013 7:18:45 PM org.apache.coyote.AbstractProtocol start
INFO: Starting ProtocolHandler ["http-nio-8783"]
Sep 20, 2013 7:18:45 PM org.apache.coyote.AbstractProtocol start
INFO: Starting ProtocolHandler ["ajp-bio-8789"]
Sep 20, 2013 7:18:45 PM org.apache.catalina.startup.Catalina start
INFO: Server startup in 5690 ms
Sep 20, 2013 7:22:08 PM org.apache.catalina.core.StandardServer await
INFO: A valid shutdown command was received via the shutdown port. Stopping the Server instance.
Sep 20, 2013 7:22:08 PM org.apache.coyote.AbstractProtocol pause
INFO: Pausing ProtocolHandler ["http-bio-8780"]
Sep 20, 2013 7:22:09 PM org.apache.coyote.AbstractProtocol pause
INFO: Pausing ProtocolHandler ["http-nio-8783"]
Sep 20, 2013 7:22:10 PM org.apache.coyote.AbstractProtocol pause
INFO: Pausing ProtocolHandler ["ajp-bio-8789"]
Sep 20, 2013 7:22:11 PM org.apache.catalina.core.StandardService stopInternal
INFO: Stopping service Catalina
Sep 20, 2013 7:22:11 PM org.apache.catalina.loader.WebappClassLoader clearReferencesJdbc
SEVERE: The web application [/konakart] registered the JDBC driver [com.mysql.jdbc.Driver] but failed to unregister it when the web application was stopped. To prevent a memory leak, the JDBC Driver has been forcibly unregistered.
Sep 20, 2013 7:22:11 PM org.apache.catalina.loader.WebappClassLoader clearReferencesThreads
SEVERE: The web application [/konakart] appears to have started a thread named [Thread-9] but has failed to stop it. This is very likely to create a memory leak.
Sep 20, 2013 7:22:11 PM org.apache.catalina.loader.WebappClassLoader clearReferencesJdbc
SEVERE: The web application [/konakartadmin] registered the JDBC driver [com.mysql.jdbc.Driver] but failed to unregister it when the web application was stopped. To prevent a memory leak, the JDBC Driver has been forcibly unregistered.
Sep 20, 2013 7:22:11 PM org.apache.catalina.loader.WebappClassLoader clearReferencesThreads
SEVERE: The web application [/konakartadmin] appears to have started a thread named [Thread-15] but has failed to stop it. This is very likely to create a memory leak.
Sep 20, 2013 7:22:11 PM org.apache.coyote.AbstractProtocol stop
INFO: Stopping ProtocolHandler ["http-bio-8780"]
Sep 20, 2013 7:22:11 PM org.apache.coyote.AbstractProtocol stop
INFO: Stopping ProtocolHandler ["http-nio-8783"]
Sep 20, 2013 7:22:11 PM org.apache.coyote.AbstractProtocol stop
INFO: Stopping ProtocolHandler ["ajp-bio-8789"]
Sep 20, 2013 7:22:11 PM org.apache.coyote.AbstractProtocol destroy
INFO: Destroying ProtocolHandler ["http-bio-8780"]
Sep 20, 2013 7:22:11 PM org.apache.coyote.AbstractProtocol destroy
INFO: Destroying ProtocolHandler ["http-nio-8783"]
Sep 20, 2013 7:22:11 PM org.apache.coyote.AbstractProtocol destroy
INFO: Destroying ProtocolHandler ["ajp-bio-8789"]
Sep 20, 2013 7:27:57 PM org.apache.catalina.core.AprLifecycleListener init
INFO: The APR based Apache Tomcat Native library which allows optimal performance in production environments was not found on the java.library.path: .:/Library/Java/Extensions:/System/Library/Java/Extensions:/usr/lib/java
Sep 20, 2013 7:27:57 PM org.apache.coyote.AbstractProtocol init
INFO: Initializing ProtocolHandler ["http-bio-8780"]
Sep 20, 2013 7:27:57 PM org.apache.coyote.AbstractProtocol init
INFO: Initializing ProtocolHandler ["http-nio-8783"]
Sep 20, 2013 7:27:57 PM org.apache.tomcat.util.net.NioSelectorPool getSharedSelector
INFO: Using a shared selector for servlet write/read
Sep 20, 2013 7:27:57 PM org.apache.coyote.AbstractProtocol init
INFO: Initializing ProtocolHandler ["ajp-bio-8789"]
Sep 20, 2013 7:27:57 PM org.apache.catalina.startup.Catalina load
INFO: Initialization processed in 726 ms
Sep 20, 2013 7:27:57 PM org.apache.catalina.core.StandardService startInternal
INFO: Starting service Catalina
Sep 20, 2013 7:27:57 PM org.apache.catalina.core.StandardEngine startInternal
INFO: Starting Servlet Engine: Apache Tomcat/7.0.22
Sep 20, 2013 7:27:57 PM org.apache.catalina.startup.HostConfig deployDirectory
INFO: Deploying web application directory birtviewer
Sep 20, 2013 7:27:58 PM org.apache.catalina.startup.TaglibUriRule body
INFO: TLD skipped. URI: http://www.eclipse.org/birt/taglibs/birt.tld is already defined
Sep 20, 2013 7:28:00 PM org.apache.catalina.startup.HostConfig deployDirectory
INFO: Deploying web application directory javadoc
Sep 20, 2013 7:28:00 PM org.apache.catalina.startup.HostConfig deployDirectory
INFO: Deploying web application directory konakart
Sep 20, 2013 7:28:02 PM org.apache.catalina.startup.HostConfig deployDirectory
INFO: Deploying web application directory konakartadmin
Sep 20, 2013 7:28:03 PM org.apache.catalina.startup.HostConfig deployDirectory
INFO: Deploying web application directory ROOT
Sep 20, 2013 7:28:03 PM org.apache.coyote.AbstractProtocol start
INFO: Starting ProtocolHandler ["http-bio-8780"]
Sep 20, 2013 7:28:03 PM org.apache.coyote.AbstractProtocol start
INFO: Starting ProtocolHandler ["http-nio-8783"]
Sep 20, 2013 7:28:03 PM org.apache.coyote.AbstractProtocol start
INFO: Starting ProtocolHandler ["ajp-bio-8789"]
Sep 20, 2013 7:28:03 PM org.apache.catalina.startup.Catalina start
INFO: Server startup in 5624 ms
Sep 20, 2013 7:28:33 PM org.apache.catalina.core.StandardServer await
INFO: A valid shutdown command was received via the shutdown port. Stopping the Server instance.
Sep 20, 2013 7:28:33 PM org.apache.coyote.AbstractProtocol pause
INFO: Pausing ProtocolHandler ["http-bio-8780"]
Sep 20, 2013 7:28:34 PM org.apache.coyote.AbstractProtocol pause
INFO: Pausing ProtocolHandler ["http-nio-8783"]
Sep 20, 2013 7:28:35 PM org.apache.coyote.AbstractProtocol pause
INFO: Pausing ProtocolHandler ["ajp-bio-8789"]
Sep 20, 2013 7:28:36 PM org.apache.catalina.core.StandardService stopInternal
INFO: Stopping service Catalina
Sep 20, 2013 7:28:36 PM org.apache.catalina.loader.WebappClassLoader clearReferencesJdbc
SEVERE: The web application [/konakart] registered the JDBC driver [com.mysql.jdbc.Driver] but failed to unregister it when the web application was stopped. To prevent a memory leak, the JDBC Driver has been forcibly unregistered.
Sep 20, 2013 7:28:36 PM org.apache.catalina.loader.WebappClassLoader clearReferencesThreads
SEVERE: The web application [/konakart] appears to have started a thread named [Thread-9] but has failed to stop it. This is very likely to create a memory leak.
Sep 20, 2013 7:28:36 PM org.apache.catalina.loader.WebappClassLoader clearReferencesJdbc
SEVERE: The web application [/konakartadmin] registered the JDBC driver [com.mysql.jdbc.Driver] but failed to unregister it when the web application was stopped. To prevent a memory leak, the JDBC Driver has been forcibly unregistered.
Sep 20, 2013 7:28:36 PM org.apache.catalina.loader.WebappClassLoader clearReferencesThreads
SEVERE: The web application [/konakartadmin] appears to have started a thread named [Thread-15] but has failed to stop it. This is very likely to create a memory leak.
Sep 20, 2013 7:28:36 PM org.apache.coyote.AbstractProtocol stop
INFO: Stopping ProtocolHandler ["http-bio-8780"]
Sep 20, 2013 7:28:36 PM org.apache.coyote.AbstractProtocol stop
INFO: Stopping ProtocolHandler ["http-nio-8783"]
Sep 20, 2013 7:28:36 PM org.apache.coyote.AbstractProtocol stop
INFO: Stopping ProtocolHandler ["ajp-bio-8789"]
Sep 20, 2013 7:28:36 PM org.apache.coyote.AbstractProtocol destroy
INFO: Destroying ProtocolHandler ["http-bio-8780"]
Sep 20, 2013 7:28:36 PM org.apache.coyote.AbstractProtocol destroy
INFO: Destroying ProtocolHandler ["http-nio-8783"]
Sep 20, 2013 7:28:36 PM org.apache.coyote.AbstractProtocol destroy
INFO: Destroying ProtocolHandler ["ajp-bio-8789"]
Sep 20, 2013 7:29:22 PM org.apache.catalina.core.AprLifecycleListener init
INFO: The APR based Apache Tomcat Native library which allows optimal performance in production environments was not found on the java.library.path: .:/Library/Java/Extensions:/System/Library/Java/Extensions:/usr/lib/java
Sep 20, 2013 7:29:22 PM org.apache.coyote.AbstractProtocol init
INFO: Initializing ProtocolHandler ["http-bio-8780"]
Sep 20, 2013 7:29:22 PM org.apache.coyote.AbstractProtocol init
INFO: Initializing ProtocolHandler ["http-nio-8783"]
Sep 20, 2013 7:29:22 PM org.apache.tomcat.util.net.NioSelectorPool getSharedSelector
INFO: Using a shared selector for servlet write/read
Sep 20, 2013 7:29:22 PM org.apache.coyote.AbstractProtocol init
INFO: Initializing ProtocolHandler ["ajp-bio-8789"]
Sep 20, 2013 7:29:22 PM org.apache.catalina.startup.Catalina load
INFO: Initialization processed in 730 ms
Sep 20, 2013 7:29:23 PM org.apache.catalina.core.StandardService startInternal
INFO: Starting service Catalina
Sep 20, 2013 7:29:23 PM org.apache.catalina.core.StandardEngine startInternal
INFO: Starting Servlet Engine: Apache Tomcat/7.0.22
Sep 20, 2013 7:29:23 PM org.apache.catalina.startup.HostConfig deployDirectory
INFO: Deploying web application directory birtviewer
Sep 20, 2013 7:29:23 PM org.apache.catalina.startup.TaglibUriRule body
INFO: TLD skipped. URI: http://www.eclipse.org/birt/taglibs/birt.tld is already defined
Sep 20, 2013 7:29:25 PM org.apache.catalina.startup.HostConfig deployDirectory
INFO: Deploying web application directory javadoc
Sep 20, 2013 7:29:25 PM org.apache.catalina.startup.HostConfig deployDirectory
INFO: Deploying web application directory konakart
Sep 20, 2013 7:29:27 PM org.apache.catalina.startup.HostConfig deployDirectory
INFO: Deploying web application directory konakartadmin
Sep 20, 2013 7:29:28 PM org.apache.catalina.startup.HostConfig deployDirectory
INFO: Deploying web application directory ROOT
Sep 20, 2013 7:29:28 PM org.apache.coyote.AbstractProtocol start
INFO: Starting ProtocolHandler ["http-bio-8780"]
Sep 20, 2013 7:29:28 PM org.apache.coyote.AbstractProtocol start
INFO: Starting ProtocolHandler ["http-nio-8783"]
Sep 20, 2013 7:29:28 PM org.apache.coyote.AbstractProtocol start
INFO: Starting ProtocolHandler ["ajp-bio-8789"]
Sep 20, 2013 7:29:28 PM org.apache.catalina.startup.Catalina start
INFO: Server startup in 5911 ms
Sep 20, 2013 7:47:01 PM org.apache.catalina.core.AprLifecycleListener init
INFO: The APR based Apache Tomcat Native library which allows optimal performance in production environments was not found on the java.library.path: .:/Library/Java/Extensions:/System/Library/Java/Extensions:/usr/lib/java
Sep 20, 2013 7:47:01 PM org.apache.coyote.AbstractProtocol init
INFO: Initializing ProtocolHandler ["http-bio-8780"]
Sep 20, 2013 7:47:02 PM org.apache.coyote.AbstractProtocol init
SEVERE: Failed to initialize end point associated with ProtocolHandler ["http-bio-8780"]
java.net.BindException: Address already in use <null>:8780
	at org.apache.tomcat.util.net.JIoEndpoint.bind(JIoEndpoint.java:386)
	at org.apache.tomcat.util.net.AbstractEndpoint.init(AbstractEndpoint.java:498)
	at org.apache.coyote.AbstractProtocol.init(AbstractProtocol.java:369)
	at org.apache.coyote.http11.AbstractHttp11JsseProtocol.init(AbstractHttp11JsseProtocol.java:119)
	at org.apache.catalina.connector.Connector.initInternal(Connector.java:909)
	at org.apache.catalina.util.LifecycleBase.init(LifecycleBase.java:102)
	at org.apache.catalina.core.StandardService.initInternal(StandardService.java:559)
	at org.apache.catalina.util.LifecycleBase.init(LifecycleBase.java:102)
	at org.apache.catalina.core.StandardServer.initInternal(StandardServer.java:781)
	at org.apache.catalina.util.LifecycleBase.init(LifecycleBase.java:102)
	at org.apache.catalina.startup.Catalina.load(Catalina.java:573)
	at org.apache.catalina.startup.Catalina.load(Catalina.java:596)
	at sun.reflect.NativeMethodAccessorImpl.invoke0(Native Method)
	at sun.reflect.NativeMethodAccessorImpl.invoke(NativeMethodAccessorImpl.java:39)
	at sun.reflect.DelegatingMethodAccessorImpl.invoke(DelegatingMethodAccessorImpl.java:25)
	at java.lang.reflect.Method.invoke(Method.java:597)
	at org.apache.catalina.startup.Bootstrap.load(Bootstrap.java:281)
	at org.apache.catalina.startup.Bootstrap.main(Bootstrap.java:449)
Caused by: java.net.BindException: Address already in use
	at java.net.PlainSocketImpl.socketBind(Native Method)
	at java.net.PlainSocketImpl.socketBind(PlainSocketImpl.java:521)
	at java.net.PlainSocketImpl.bind(PlainSocketImpl.java:414)
	at java.net.ServerSocket.bind(ServerSocket.java:326)
	at java.net.ServerSocket.<init>(ServerSocket.java:192)
	at java.net.ServerSocket.<init>(ServerSocket.java:148)
	at org.apache.tomcat.util.net.DefaultServerSocketFactory.createSocket(DefaultServerSocketFactory.java:48)
	at org.apache.tomcat.util.net.JIoEndpoint.bind(JIoEndpoint.java:373)
	... 17 more
Sep 20, 2013 7:47:02 PM org.apache.catalina.core.StandardService initInternal
SEVERE: Failed to initialize connector [Connector[HTTP/1.1-8780]]
org.apache.catalina.LifecycleException: Failed to initialize component [Connector[HTTP/1.1-8780]]
	at org.apache.catalina.util.LifecycleBase.init(LifecycleBase.java:106)
	at org.apache.catalina.core.StandardService.initInternal(StandardService.java:559)
	at org.apache.catalina.util.LifecycleBase.init(LifecycleBase.java:102)
	at org.apache.catalina.core.StandardServer.initInternal(StandardServer.java:781)
	at org.apache.catalina.util.LifecycleBase.init(LifecycleBase.java:102)
	at org.apache.catalina.startup.Catalina.load(Catalina.java:573)
	at org.apache.catalina.startup.Catalina.load(Catalina.java:596)
	at sun.reflect.NativeMethodAccessorImpl.invoke0(Native Method)
	at sun.reflect.NativeMethodAccessorImpl.invoke(NativeMethodAccessorImpl.java:39)
	at sun.reflect.DelegatingMethodAccessorImpl.invoke(DelegatingMethodAccessorImpl.java:25)
	at java.lang.reflect.Method.invoke(Method.java:597)
	at org.apache.catalina.startup.Bootstrap.load(Bootstrap.java:281)
	at org.apache.catalina.startup.Bootstrap.main(Bootstrap.java:449)
Caused by: org.apache.catalina.LifecycleException: Protocol handler initialization failed
	at org.apache.catalina.connector.Connector.initInternal(Connector.java:911)
	at org.apache.catalina.util.LifecycleBase.init(LifecycleBase.java:102)
	... 12 more
Caused by: java.net.BindException: Address already in use <null>:8780
	at org.apache.tomcat.util.net.JIoEndpoint.bind(JIoEndpoint.java:386)
	at org.apache.tomcat.util.net.AbstractEndpoint.init(AbstractEndpoint.java:498)
	at org.apache.coyote.AbstractProtocol.init(AbstractProtocol.java:369)
	at org.apache.coyote.http11.AbstractHttp11JsseProtocol.init(AbstractHttp11JsseProtocol.java:119)
	at org.apache.catalina.connector.Connector.initInternal(Connector.java:909)
	... 13 more
Caused by: java.net.BindException: Address already in use
	at java.net.PlainSocketImpl.socketBind(Native Method)
	at java.net.PlainSocketImpl.socketBind(PlainSocketImpl.java:521)
	at java.net.PlainSocketImpl.bind(PlainSocketImpl.java:414)
	at java.net.ServerSocket.bind(ServerSocket.java:326)
	at java.net.ServerSocket.<init>(ServerSocket.java:192)
	at java.net.ServerSocket.<init>(ServerSocket.java:148)
	at org.apache.tomcat.util.net.DefaultServerSocketFactory.createSocket(DefaultServerSocketFactory.java:48)
	at org.apache.tomcat.util.net.JIoEndpoint.bind(JIoEndpoint.java:373)
	... 17 more
Sep 20, 2013 7:47:02 PM org.apache.coyote.AbstractProtocol init
INFO: Initializing ProtocolHandler ["http-nio-8783"]
Sep 20, 2013 7:47:02 PM org.apache.coyote.AbstractProtocol init
SEVERE: Failed to initialize end point associated with ProtocolHandler ["http-nio-8783"]
java.net.BindException: Address already in use
	at sun.nio.ch.Net.bind(Native Method)
	at sun.nio.ch.ServerSocketChannelImpl.bind(ServerSocketChannelImpl.java:124)
	at sun.nio.ch.ServerSocketAdaptor.bind(ServerSocketAdaptor.java:59)
	at org.apache.tomcat.util.net.NioEndpoint.bind(NioEndpoint.java:464)
	at org.apache.tomcat.util.net.AbstractEndpoint.init(AbstractEndpoint.java:498)
	at org.apache.coyote.AbstractProtocol.init(AbstractProtocol.java:369)
	at org.apache.coyote.http11.AbstractHttp11JsseProtocol.init(AbstractHttp11JsseProtocol.java:119)
	at org.apache.catalina.connector.Connector.initInternal(Connector.java:909)
	at org.apache.catalina.util.LifecycleBase.init(LifecycleBase.java:102)
	at org.apache.catalina.core.StandardService.initInternal(StandardService.java:559)
	at org.apache.catalina.util.LifecycleBase.init(LifecycleBase.java:102)
	at org.apache.catalina.core.StandardServer.initInternal(StandardServer.java:781)
	at org.apache.catalina.util.LifecycleBase.init(LifecycleBase.java:102)
	at org.apache.catalina.startup.Catalina.load(Catalina.java:573)
	at org.apache.catalina.startup.Catalina.load(Catalina.java:596)
	at sun.reflect.NativeMethodAccessorImpl.invoke0(Native Method)
	at sun.reflect.NativeMethodAccessorImpl.invoke(NativeMethodAccessorImpl.java:39)
	at sun.reflect.DelegatingMethodAccessorImpl.invoke(DelegatingMethodAccessorImpl.java:25)
	at java.lang.reflect.Method.invoke(Method.java:597)
	at org.apache.catalina.startup.Bootstrap.load(Bootstrap.java:281)
	at org.apache.catalina.startup.Bootstrap.main(Bootstrap.java:449)
Sep 20, 2013 7:47:02 PM org.apache.catalina.core.StandardService initInternal
SEVERE: Failed to initialize connector [Connector[org.apache.coyote.http11.Http11NioProtocol-8783]]
org.apache.catalina.LifecycleException: Failed to initialize component [Connector[org.apache.coyote.http11.Http11NioProtocol-8783]]
	at org.apache.catalina.util.LifecycleBase.init(LifecycleBase.java:106)
	at org.apache.catalina.core.StandardService.initInternal(StandardService.java:559)
	at org.apache.catalina.util.LifecycleBase.init(LifecycleBase.java:102)
	at org.apache.catalina.core.StandardServer.initInternal(StandardServer.java:781)
	at org.apache.catalina.util.LifecycleBase.init(LifecycleBase.java:102)
	at org.apache.catalina.startup.Catalina.load(Catalina.java:573)
	at org.apache.catalina.startup.Catalina.load(Catalina.java:596)
	at sun.reflect.NativeMethodAccessorImpl.invoke0(Native Method)
	at sun.reflect.NativeMethodAccessorImpl.invoke(NativeMethodAccessorImpl.java:39)
	at sun.reflect.DelegatingMethodAccessorImpl.invoke(DelegatingMethodAccessorImpl.java:25)
	at java.lang.reflect.Method.invoke(Method.java:597)
	at org.apache.catalina.startup.Bootstrap.load(Bootstrap.java:281)
	at org.apache.catalina.startup.Bootstrap.main(Bootstrap.java:449)
Caused by: org.apache.catalina.LifecycleException: Protocol handler initialization failed
	at org.apache.catalina.connector.Connector.initInternal(Connector.java:911)
	at org.apache.catalina.util.LifecycleBase.init(LifecycleBase.java:102)
	... 12 more
Caused by: java.net.BindException: Address already in use
	at sun.nio.ch.Net.bind(Native Method)
	at sun.nio.ch.ServerSocketChannelImpl.bind(ServerSocketChannelImpl.java:124)
	at sun.nio.ch.ServerSocketAdaptor.bind(ServerSocketAdaptor.java:59)
	at org.apache.tomcat.util.net.NioEndpoint.bind(NioEndpoint.java:464)
	at org.apache.tomcat.util.net.AbstractEndpoint.init(AbstractEndpoint.java:498)
	at org.apache.coyote.AbstractProtocol.init(AbstractProtocol.java:369)
	at org.apache.coyote.http11.AbstractHttp11JsseProtocol.init(AbstractHttp11JsseProtocol.java:119)
	at org.apache.catalina.connector.Connector.initInternal(Connector.java:909)
	... 13 more
Sep 20, 2013 7:47:02 PM org.apache.coyote.AbstractProtocol init
INFO: Initializing ProtocolHandler ["ajp-bio-8789"]
Sep 20, 2013 7:47:02 PM org.apache.coyote.AbstractProtocol init
SEVERE: Failed to initialize end point associated with ProtocolHandler ["ajp-bio-8789"]
java.net.BindException: Address already in use <null>:8789
	at org.apache.tomcat.util.net.JIoEndpoint.bind(JIoEndpoint.java:386)
	at org.apache.tomcat.util.net.AbstractEndpoint.init(AbstractEndpoint.java:498)
	at org.apache.coyote.AbstractProtocol.init(AbstractProtocol.java:369)
	at org.apache.catalina.connector.Connector.initInternal(Connector.java:909)
	at org.apache.catalina.util.LifecycleBase.init(LifecycleBase.java:102)
	at org.apache.catalina.core.StandardService.initInternal(StandardService.java:559)
	at org.apache.catalina.util.LifecycleBase.init(LifecycleBase.java:102)
	at org.apache.catalina.core.StandardServer.initInternal(StandardServer.java:781)
	at org.apache.catalina.util.LifecycleBase.init(LifecycleBase.java:102)
	at org.apache.catalina.startup.Catalina.load(Catalina.java:573)
	at org.apache.catalina.startup.Catalina.load(Catalina.java:596)
	at sun.reflect.NativeMethodAccessorImpl.invoke0(Native Method)
	at sun.reflect.NativeMethodAccessorImpl.invoke(NativeMethodAccessorImpl.java:39)
	at sun.reflect.DelegatingMethodAccessorImpl.invoke(DelegatingMethodAccessorImpl.java:25)
	at java.lang.reflect.Method.invoke(Method.java:597)
	at org.apache.catalina.startup.Bootstrap.load(Bootstrap.java:281)
	at org.apache.catalina.startup.Bootstrap.main(Bootstrap.java:449)
Caused by: java.net.BindException: Address already in use
	at java.net.PlainSocketImpl.socketBind(Native Method)
	at java.net.PlainSocketImpl.socketBind(PlainSocketImpl.java:521)
	at java.net.PlainSocketImpl.bind(PlainSocketImpl.java:414)
	at java.net.ServerSocket.bind(ServerSocket.java:326)
	at java.net.ServerSocket.<init>(ServerSocket.java:192)
	at java.net.ServerSocket.<init>(ServerSocket.java:148)
	at org.apache.tomcat.util.net.DefaultServerSocketFactory.createSocket(DefaultServerSocketFactory.java:48)
	at org.apache.tomcat.util.net.JIoEndpoint.bind(JIoEndpoint.java:373)
	... 16 more
Sep 20, 2013 7:47:02 PM org.apache.catalina.core.StandardService initInternal
SEVERE: Failed to initialize connector [Connector[AJP/1.3-8789]]
org.apache.catalina.LifecycleException: Failed to initialize component [Connector[AJP/1.3-8789]]
	at org.apache.catalina.util.LifecycleBase.init(LifecycleBase.java:106)
	at org.apache.catalina.core.StandardService.initInternal(StandardService.java:559)
	at org.apache.catalina.util.LifecycleBase.init(LifecycleBase.java:102)
	at org.apache.catalina.core.StandardServer.initInternal(StandardServer.java:781)
	at org.apache.catalina.util.LifecycleBase.init(LifecycleBase.java:102)
	at org.apache.catalina.startup.Catalina.load(Catalina.java:573)
	at org.apache.catalina.startup.Catalina.load(Catalina.java:596)
	at sun.reflect.NativeMethodAccessorImpl.invoke0(Native Method)
	at sun.reflect.NativeMethodAccessorImpl.invoke(NativeMethodAccessorImpl.java:39)
	at sun.reflect.DelegatingMethodAccessorImpl.invoke(DelegatingMethodAccessorImpl.java:25)
	at java.lang.reflect.Method.invoke(Method.java:597)
	at org.apache.catalina.startup.Bootstrap.load(Bootstrap.java:281)
	at org.apache.catalina.startup.Bootstrap.main(Bootstrap.java:449)
Caused by: org.apache.catalina.LifecycleException: Protocol handler initialization failed
	at org.apache.catalina.connector.Connector.initInternal(Connector.java:911)
	at org.apache.catalina.util.LifecycleBase.init(LifecycleBase.java:102)
	... 12 more
Caused by: java.net.BindException: Address already in use <null>:8789
	at org.apache.tomcat.util.net.JIoEndpoint.bind(JIoEndpoint.java:386)
	at org.apache.tomcat.util.net.AbstractEndpoint.init(AbstractEndpoint.java:498)
	at org.apache.coyote.AbstractProtocol.init(AbstractProtocol.java:369)
	at org.apache.catalina.connector.Connector.initInternal(Connector.java:909)
	... 13 more
Caused by: java.net.BindException: Address already in use
	at java.net.PlainSocketImpl.socketBind(Native Method)
	at java.net.PlainSocketImpl.socketBind(PlainSocketImpl.java:521)
	at java.net.PlainSocketImpl.bind(PlainSocketImpl.java:414)
	at java.net.ServerSocket.bind(ServerSocket.java:326)
	at java.net.ServerSocket.<init>(ServerSocket.java:192)
	at java.net.ServerSocket.<init>(ServerSocket.java:148)
	at org.apache.tomcat.util.net.DefaultServerSocketFactory.createSocket(DefaultServerSocketFactory.java:48)
	at org.apache.tomcat.util.net.JIoEndpoint.bind(JIoEndpoint.java:373)
	... 16 more
Sep 20, 2013 7:47:02 PM org.apache.catalina.startup.Catalina load
INFO: Initialization processed in 674 ms
Sep 20, 2013 7:47:02 PM org.apache.catalina.core.StandardService startInternal
INFO: Starting service Catalina
Sep 20, 2013 7:47:02 PM org.apache.catalina.core.StandardEngine startInternal
INFO: Starting Servlet Engine: Apache Tomcat/7.0.22
Sep 20, 2013 7:47:02 PM org.apache.catalina.startup.HostConfig deployDirectory
INFO: Deploying web application directory birtviewer
Sep 20, 2013 7:47:02 PM org.apache.catalina.startup.TaglibUriRule body
INFO: TLD skipped. URI: http://www.eclipse.org/birt/taglibs/birt.tld is already defined
Sep 20, 2013 7:47:04 PM org.apache.catalina.startup.HostConfig deployDirectory
INFO: Deploying web application directory javadoc
Sep 20, 2013 7:47:04 PM org.apache.catalina.startup.HostConfig deployDirectory
INFO: Deploying web application directory konakart
Sep 20, 2013 7:47:05 PM org.apache.catalina.core.StandardContext startInternal
SEVERE: Error listenerStart
Sep 20, 2013 7:47:05 PM org.apache.catalina.core.StandardContext startInternal
SEVERE: Context [/konakart] startup failed due to previous errors
Sep 20, 2013 7:47:05 PM org.apache.catalina.startup.HostConfig deployDirectory
INFO: Deploying web application directory konakartadmin
Sep 20, 2013 7:47:06 PM org.apache.catalina.startup.HostConfig deployDirectory
INFO: Deploying web application directory ROOT
Sep 20, 2013 7:47:06 PM org.apache.catalina.startup.Catalina start
INFO: Server startup in 4278 ms
Sep 20, 2013 7:47:06 PM org.apache.catalina.core.StandardServer await
SEVERE: StandardServer.await: create[localhost:8785]: 
java.net.BindException: Address already in use
	at java.net.PlainSocketImpl.socketBind(Native Method)
	at java.net.PlainSocketImpl.socketBind(PlainSocketImpl.java:521)
	at java.net.PlainSocketImpl.bind(PlainSocketImpl.java:414)
	at java.net.ServerSocket.bind(ServerSocket.java:326)
	at java.net.ServerSocket.<init>(ServerSocket.java:192)
	at org.apache.catalina.core.StandardServer.await(StandardServer.java:422)
	at org.apache.catalina.startup.Catalina.await(Catalina.java:709)
	at org.apache.catalina.startup.Catalina.start(Catalina.java:654)
	at sun.reflect.NativeMethodAccessorImpl.invoke0(Native Method)
	at sun.reflect.NativeMethodAccessorImpl.invoke(NativeMethodAccessorImpl.java:39)
	at sun.reflect.DelegatingMethodAccessorImpl.invoke(DelegatingMethodAccessorImpl.java:25)
	at java.lang.reflect.Method.invoke(Method.java:597)
	at org.apache.catalina.startup.Bootstrap.start(Bootstrap.java:322)
	at org.apache.catalina.startup.Bootstrap.main(Bootstrap.java:450)
Sep 20, 2013 7:47:06 PM org.apache.coyote.AbstractProtocol pause
INFO: Pausing ProtocolHandler ["http-bio-8780"]
Sep 20, 2013 7:47:06 PM org.apache.coyote.AbstractProtocol pause
INFO: Pausing ProtocolHandler ["http-nio-8783"]
Sep 20, 2013 7:47:06 PM org.apache.coyote.AbstractProtocol pause
INFO: Pausing ProtocolHandler ["ajp-bio-8789"]
Sep 20, 2013 7:47:06 PM org.apache.catalina.core.StandardService stopInternal
INFO: Stopping service Catalina
Sep 20, 2013 7:47:06 PM org.apache.catalina.util.LifecycleBase stop
INFO: The stop() method was called on component [StandardEngine[Catalina].StandardHost[localhost].StandardContext[/konakart]] after stop() had already been called. The second call will be ignored.
Sep 20, 2013 7:47:06 PM org.apache.coyote.AbstractProtocol destroy
INFO: Destroying ProtocolHandler ["http-bio-8780"]
Sep 20, 2013 7:47:06 PM org.apache.coyote.AbstractProtocol destroy
INFO: Destroying ProtocolHandler ["http-nio-8783"]
Sep 20, 2013 7:47:06 PM org.apache.coyote.AbstractProtocol destroy
INFO: Destroying ProtocolHandler ["ajp-bio-8789"]
Sep 20, 2013 7:52:44 PM org.apache.catalina.core.StandardServer await
INFO: A valid shutdown command was received via the shutdown port. Stopping the Server instance.
Sep 20, 2013 7:52:44 PM org.apache.coyote.AbstractProtocol pause
INFO: Pausing ProtocolHandler ["http-bio-8780"]
Sep 20, 2013 7:52:45 PM org.apache.coyote.AbstractProtocol pause
INFO: Pausing ProtocolHandler ["http-nio-8783"]
Sep 20, 2013 7:52:46 PM org.apache.coyote.AbstractProtocol pause
INFO: Pausing ProtocolHandler ["ajp-bio-8789"]
Sep 20, 2013 7:52:47 PM org.apache.catalina.core.StandardService stopInternal
INFO: Stopping service Catalina
Sep 20, 2013 7:52:47 PM org.apache.catalina.loader.WebappClassLoader clearReferencesJdbc
SEVERE: The web application [/konakart] registered the JDBC driver [com.mysql.jdbc.Driver] but failed to unregister it when the web application was stopped. To prevent a memory leak, the JDBC Driver has been forcibly unregistered.
Sep 20, 2013 7:52:47 PM org.apache.catalina.loader.WebappClassLoader clearReferencesThreads
SEVERE: The web application [/konakart] appears to have started a thread named [Thread-9] but has failed to stop it. This is very likely to create a memory leak.
Sep 20, 2013 7:52:47 PM org.apache.catalina.loader.WebappClassLoader clearReferencesJdbc
SEVERE: The web application [/konakartadmin] registered the JDBC driver [com.mysql.jdbc.Driver] but failed to unregister it when the web application was stopped. To prevent a memory leak, the JDBC Driver has been forcibly unregistered.
Sep 20, 2013 7:52:47 PM org.apache.catalina.loader.WebappClassLoader clearReferencesThreads
SEVERE: The web application [/konakartadmin] appears to have started a thread named [Thread-15] but has failed to stop it. This is very likely to create a memory leak.
Sep 20, 2013 7:52:47 PM org.apache.coyote.AbstractProtocol stop
INFO: Stopping ProtocolHandler ["http-bio-8780"]
Sep 20, 2013 7:52:47 PM org.apache.coyote.AbstractProtocol stop
INFO: Stopping ProtocolHandler ["http-nio-8783"]
Sep 20, 2013 7:52:47 PM org.apache.coyote.AbstractProtocol stop
INFO: Stopping ProtocolHandler ["ajp-bio-8789"]
Sep 20, 2013 7:52:47 PM org.apache.coyote.AbstractProtocol destroy
INFO: Destroying ProtocolHandler ["http-bio-8780"]
Sep 20, 2013 7:52:47 PM org.apache.coyote.AbstractProtocol destroy
INFO: Destroying ProtocolHandler ["http-nio-8783"]
Sep 20, 2013 7:52:47 PM org.apache.coyote.AbstractProtocol destroy
INFO: Destroying ProtocolHandler ["ajp-bio-8789"]
Sep 20, 2013 7:54:56 PM org.apache.catalina.core.AprLifecycleListener init
INFO: The APR based Apache Tomcat Native library which allows optimal performance in production environments was not found on the java.library.path: .:/Library/Java/Extensions:/System/Library/Java/Extensions:/usr/lib/java
Sep 20, 2013 7:54:56 PM org.apache.coyote.AbstractProtocol init
INFO: Initializing ProtocolHandler ["http-bio-8780"]
Sep 20, 2013 7:54:56 PM org.apache.coyote.AbstractProtocol init
INFO: Initializing ProtocolHandler ["http-nio-8783"]
Sep 20, 2013 7:54:56 PM org.apache.tomcat.util.net.NioSelectorPool getSharedSelector
INFO: Using a shared selector for servlet write/read
Sep 20, 2013 7:54:56 PM org.apache.coyote.AbstractProtocol init
INFO: Initializing ProtocolHandler ["ajp-bio-8789"]
Sep 20, 2013 7:54:56 PM org.apache.catalina.startup.Catalina load
INFO: Initialization processed in 765 ms
Sep 20, 2013 7:54:56 PM org.apache.catalina.core.StandardService startInternal
INFO: Starting service Catalina
Sep 20, 2013 7:54:56 PM org.apache.catalina.core.StandardEngine startInternal
INFO: Starting Servlet Engine: Apache Tomcat/7.0.22
Sep 20, 2013 7:54:56 PM org.apache.catalina.startup.HostConfig deployDirectory
INFO: Deploying web application directory birtviewer
Sep 20, 2013 7:54:57 PM org.apache.catalina.startup.TaglibUriRule body
INFO: TLD skipped. URI: http://www.eclipse.org/birt/taglibs/birt.tld is already defined
Sep 20, 2013 7:54:58 PM org.apache.catalina.startup.HostConfig deployDirectory
INFO: Deploying web application directory javadoc
Sep 20, 2013 7:54:58 PM org.apache.catalina.startup.HostConfig deployDirectory
INFO: Deploying web application directory konakart
Sep 20, 2013 7:55:01 PM org.apache.catalina.startup.HostConfig deployDirectory
INFO: Deploying web application directory konakartadmin
Sep 20, 2013 7:55:02 PM org.apache.catalina.startup.HostConfig deployDirectory
INFO: Deploying web application directory ROOT
Sep 20, 2013 7:55:02 PM org.apache.coyote.AbstractProtocol start
INFO: Starting ProtocolHandler ["http-bio-8780"]
Sep 20, 2013 7:55:02 PM org.apache.coyote.AbstractProtocol start
INFO: Starting ProtocolHandler ["http-nio-8783"]
Sep 20, 2013 7:55:02 PM org.apache.coyote.AbstractProtocol start
INFO: Starting ProtocolHandler ["ajp-bio-8789"]
Sep 20, 2013 7:55:02 PM org.apache.catalina.startup.Catalina start
INFO: Server startup in 5727 ms
Sep 20, 2013 7:59:15 PM com.konakart.reports.GetDbParams <init>
WARNING: Cannot locate configuration source C:/Program Files/KonaKart/webapps/konakartadmin/WEB-INF/classes/konakartadmin.properties
Sep 20, 2013 8:15:34 PM org.apache.catalina.core.StandardServer await
INFO: A valid shutdown command was received via the shutdown port. Stopping the Server instance.
Sep 20, 2013 8:15:34 PM org.apache.coyote.AbstractProtocol pause
INFO: Pausing ProtocolHandler ["http-bio-8780"]
Sep 20, 2013 8:15:35 PM org.apache.coyote.AbstractProtocol pause
INFO: Pausing ProtocolHandler ["http-nio-8783"]
Sep 20, 2013 8:15:36 PM org.apache.coyote.AbstractProtocol pause
INFO: Pausing ProtocolHandler ["ajp-bio-8789"]
Sep 20, 2013 8:15:37 PM org.apache.catalina.core.StandardService stopInternal
INFO: Stopping service Catalina
Sep 20, 2013 8:15:37 PM org.apache.catalina.loader.WebappClassLoader clearReferencesJdbc
SEVERE: The web application [/konakart] registered the JDBC driver [com.mysql.jdbc.Driver] but failed to unregister it when the web application was stopped. To prevent a memory leak, the JDBC Driver has been forcibly unregistered.
Sep 20, 2013 8:15:37 PM org.apache.catalina.loader.WebappClassLoader clearReferencesThreads
SEVERE: The web application [/konakart] appears to have started a thread named [Thread-9] but has failed to stop it. This is very likely to create a memory leak.
Sep 20, 2013 8:15:37 PM org.apache.catalina.loader.WebappClassLoader clearReferencesJdbc
SEVERE: The web application [/konakartadmin] registered the JDBC driver [com.mysql.jdbc.Driver] but failed to unregister it when the web application was stopped. To prevent a memory leak, the JDBC Driver has been forcibly unregistered.
Sep 20, 2013 8:15:37 PM org.apache.catalina.loader.WebappClassLoader clearReferencesThreads
SEVERE: The web application [/konakartadmin] appears to have started a thread named [Thread-15] but has failed to stop it. This is very likely to create a memory leak.
Sep 20, 2013 8:15:37 PM org.apache.coyote.AbstractProtocol stop
INFO: Stopping ProtocolHandler ["http-bio-8780"]
Sep 20, 2013 8:15:37 PM org.apache.coyote.AbstractProtocol stop
INFO: Stopping ProtocolHandler ["http-nio-8783"]
Sep 20, 2013 8:15:37 PM org.apache.coyote.AbstractProtocol stop
INFO: Stopping ProtocolHandler ["ajp-bio-8789"]
Sep 20, 2013 8:15:37 PM org.apache.coyote.AbstractProtocol destroy
INFO: Destroying ProtocolHandler ["http-bio-8780"]
Sep 20, 2013 8:15:37 PM org.apache.coyote.AbstractProtocol destroy
INFO: Destroying ProtocolHandler ["http-nio-8783"]
Sep 20, 2013 8:15:37 PM org.apache.coyote.AbstractProtocol destroy
INFO: Destroying ProtocolHandler ["ajp-bio-8789"]
Sep 20, 2013 8:16:06 PM org.apache.catalina.core.AprLifecycleListener init
INFO: The APR based Apache Tomcat Native library which allows optimal performance in production environments was not found on the java.library.path: .:/Library/Java/Extensions:/System/Library/Java/Extensions:/usr/lib/java
Sep 20, 2013 8:16:06 PM org.apache.coyote.AbstractProtocol init
INFO: Initializing ProtocolHandler ["http-bio-8780"]
Sep 20, 2013 8:16:06 PM org.apache.coyote.AbstractProtocol init
INFO: Initializing ProtocolHandler ["http-nio-8783"]
Sep 20, 2013 8:16:07 PM org.apache.tomcat.util.net.NioSelectorPool getSharedSelector
INFO: Using a shared selector for servlet write/read
Sep 20, 2013 8:16:07 PM org.apache.coyote.AbstractProtocol init
INFO: Initializing ProtocolHandler ["ajp-bio-8789"]
Sep 20, 2013 8:16:07 PM org.apache.catalina.startup.Catalina load
INFO: Initialization processed in 743 ms
Sep 20, 2013 8:16:07 PM org.apache.catalina.core.StandardService startInternal
INFO: Starting service Catalina
Sep 20, 2013 8:16:07 PM org.apache.catalina.core.StandardEngine startInternal
INFO: Starting Servlet Engine: Apache Tomcat/7.0.22
Sep 20, 2013 8:16:07 PM org.apache.catalina.startup.HostConfig deployDirectory
INFO: Deploying web application directory birtviewer
Sep 20, 2013 8:16:07 PM org.apache.catalina.startup.TaglibUriRule body
INFO: TLD skipped. URI: http://www.eclipse.org/birt/taglibs/birt.tld is already defined
Sep 20, 2013 8:16:09 PM org.apache.catalina.startup.HostConfig deployDirectory
INFO: Deploying web application directory javadoc
Sep 20, 2013 8:16:09 PM org.apache.catalina.startup.HostConfig deployDirectory
INFO: Deploying web application directory konakart
Sep 20, 2013 8:16:11 PM org.apache.catalina.startup.HostConfig deployDirectory
INFO: Deploying web application directory konakartadmin
Sep 20, 2013 8:16:12 PM org.apache.catalina.startup.HostConfig deployDirectory
INFO: Deploying web application directory ROOT
Sep 20, 2013 8:16:12 PM org.apache.coyote.AbstractProtocol start
INFO: Starting ProtocolHandler ["http-bio-8780"]
Sep 20, 2013 8:16:12 PM org.apache.coyote.AbstractProtocol start
INFO: Starting ProtocolHandler ["http-nio-8783"]
Sep 20, 2013 8:16:12 PM org.apache.coyote.AbstractProtocol start
INFO: Starting ProtocolHandler ["ajp-bio-8789"]
Sep 20, 2013 8:16:12 PM org.apache.catalina.startup.Catalina start
INFO: Server startup in 5671 ms
Sep 20, 2013 8:26:44 PM org.apache.catalina.core.StandardServer await
INFO: A valid shutdown command was received via the shutdown port. Stopping the Server instance.
Sep 20, 2013 8:26:44 PM org.apache.coyote.AbstractProtocol pause
INFO: Pausing ProtocolHandler ["http-bio-8780"]
Sep 20, 2013 8:26:45 PM org.apache.coyote.AbstractProtocol pause
INFO: Pausing ProtocolHandler ["http-nio-8783"]
Sep 20, 2013 8:26:46 PM org.apache.coyote.AbstractProtocol pause
INFO: Pausing ProtocolHandler ["ajp-bio-8789"]
Sep 20, 2013 8:26:47 PM org.apache.catalina.core.StandardService stopInternal
INFO: Stopping service Catalina
Sep 20, 2013 8:26:47 PM org.apache.catalina.loader.WebappClassLoader clearReferencesJdbc
SEVERE: The web application [/konakart] registered the JDBC driver [com.mysql.jdbc.Driver] but failed to unregister it when the web application was stopped. To prevent a memory leak, the JDBC Driver has been forcibly unregistered.
Sep 20, 2013 8:26:47 PM org.apache.catalina.loader.WebappClassLoader clearReferencesThreads
SEVERE: The web application [/konakart] appears to have started a thread named [Thread-9] but has failed to stop it. This is very likely to create a memory leak.
Sep 20, 2013 8:26:47 PM org.apache.catalina.loader.WebappClassLoader clearReferencesJdbc
SEVERE: The web application [/konakartadmin] registered the JDBC driver [com.mysql.jdbc.Driver] but failed to unregister it when the web application was stopped. To prevent a memory leak, the JDBC Driver has been forcibly unregistered.
Sep 20, 2013 8:26:47 PM org.apache.catalina.loader.WebappClassLoader clearReferencesThreads
SEVERE: The web application [/konakartadmin] appears to have started a thread named [Thread-15] but has failed to stop it. This is very likely to create a memory leak.
Sep 20, 2013 8:26:47 PM org.apache.coyote.AbstractProtocol stop
INFO: Stopping ProtocolHandler ["http-bio-8780"]
Sep 20, 2013 8:26:47 PM org.apache.coyote.AbstractProtocol stop
INFO: Stopping ProtocolHandler ["http-nio-8783"]
Sep 20, 2013 8:26:47 PM org.apache.coyote.AbstractProtocol stop
INFO: Stopping ProtocolHandler ["ajp-bio-8789"]
Sep 20, 2013 8:26:47 PM org.apache.coyote.AbstractProtocol destroy
INFO: Destroying ProtocolHandler ["http-bio-8780"]
Sep 20, 2013 8:26:47 PM org.apache.coyote.AbstractProtocol destroy
INFO: Destroying ProtocolHandler ["http-nio-8783"]
Sep 20, 2013 8:26:47 PM org.apache.coyote.AbstractProtocol destroy
INFO: Destroying ProtocolHandler ["ajp-bio-8789"]
Sep 20, 2013 8:28:33 PM org.apache.catalina.core.AprLifecycleListener init
INFO: The APR based Apache Tomcat Native library which allows optimal performance in production environments was not found on the java.library.path: .:/Library/Java/Extensions:/System/Library/Java/Extensions:/usr/lib/java
Sep 20, 2013 8:28:33 PM org.apache.coyote.AbstractProtocol init
INFO: Initializing ProtocolHandler ["http-bio-8780"]
Sep 20, 2013 8:28:33 PM org.apache.coyote.AbstractProtocol init
INFO: Initializing ProtocolHandler ["http-nio-8783"]
Sep 20, 2013 8:28:34 PM org.apache.tomcat.util.net.NioSelectorPool getSharedSelector
INFO: Using a shared selector for servlet write/read
Sep 20, 2013 8:28:34 PM org.apache.coyote.AbstractProtocol init
INFO: Initializing ProtocolHandler ["ajp-bio-8789"]
Sep 20, 2013 8:28:34 PM org.apache.catalina.startup.Catalina load
INFO: Initialization processed in 923 ms
Sep 20, 2013 8:28:34 PM org.apache.catalina.core.StandardService startInternal
INFO: Starting service Catalina
Sep 20, 2013 8:28:34 PM org.apache.catalina.core.StandardEngine startInternal
INFO: Starting Servlet Engine: Apache Tomcat/7.0.22
Sep 20, 2013 8:28:34 PM org.apache.catalina.startup.HostConfig deployDirectory
INFO: Deploying web application directory birtviewer
Sep 20, 2013 8:28:34 PM org.apache.catalina.startup.TaglibUriRule body
INFO: TLD skipped. URI: http://www.eclipse.org/birt/taglibs/birt.tld is already defined
Sep 20, 2013 8:28:36 PM org.apache.catalina.startup.HostConfig deployDirectory
INFO: Deploying web application directory javadoc
Sep 20, 2013 8:28:36 PM org.apache.catalina.startup.HostConfig deployDirectory
INFO: Deploying web application directory konakart
Sep 20, 2013 8:28:39 PM org.apache.catalina.startup.HostConfig deployDirectory
INFO: Deploying web application directory konakartadmin
Sep 20, 2013 8:28:40 PM org.apache.catalina.startup.HostConfig deployDirectory
INFO: Deploying web application directory ROOT
Sep 20, 2013 8:28:40 PM org.apache.coyote.AbstractProtocol start
INFO: Starting ProtocolHandler ["http-bio-8780"]
Sep 20, 2013 8:28:40 PM org.apache.coyote.AbstractProtocol start
INFO: Starting ProtocolHandler ["http-nio-8783"]
Sep 20, 2013 8:28:40 PM org.apache.coyote.AbstractProtocol start
INFO: Starting ProtocolHandler ["ajp-bio-8789"]
Sep 20, 2013 8:28:40 PM org.apache.catalina.startup.Catalina start
INFO: Server startup in 6543 ms
Sep 20, 2013 8:28:58 PM com.konakart.reports.GetDbParams <init>
WARNING: Cannot locate configuration source C:/Program Files/KonaKart/webapps/konakartadmin/WEB-INF/classes/konakartadmin.properties
Sep 20, 2013 8:30:24 PM org.apache.catalina.core.StandardServer await
INFO: A valid shutdown command was received via the shutdown port. Stopping the Server instance.
Sep 20, 2013 8:30:24 PM org.apache.coyote.AbstractProtocol pause
INFO: Pausing ProtocolHandler ["http-bio-8780"]
Sep 20, 2013 8:30:25 PM org.apache.coyote.AbstractProtocol pause
INFO: Pausing ProtocolHandler ["http-nio-8783"]
Sep 20, 2013 8:30:26 PM org.apache.coyote.AbstractProtocol pause
INFO: Pausing ProtocolHandler ["ajp-bio-8789"]
Sep 20, 2013 8:30:27 PM org.apache.catalina.core.StandardService stopInternal
INFO: Stopping service Catalina
Sep 20, 2013 8:30:27 PM org.apache.catalina.loader.WebappClassLoader checkThreadLocalMapForLeaks
SEVERE: The web application [/birtviewer] created a ThreadLocal with key of type [org.apache.axis.utils.XMLUtils.ThreadLocalDocumentBuilder] (value [org.apache.axis.utils.XMLUtils$ThreadLocalDocumentBuilder@11cf437c]) and a value of type [org.apache.xerces.jaxp.DocumentBuilderImpl] (value [org.apache.xerces.jaxp.DocumentBuilderImpl@3e578b06]) but failed to remove it when the web application was stopped. Threads are going to be renewed over time to try and avoid a probable memory leak. 
Sep 20, 2013 8:30:27 PM org.apache.catalina.loader.WebappClassLoader clearReferencesJdbc
SEVERE: The web application [/konakart] registered the JDBC driver [com.mysql.jdbc.Driver] but failed to unregister it when the web application was stopped. To prevent a memory leak, the JDBC Driver has been forcibly unregistered.
Sep 20, 2013 8:30:27 PM org.apache.catalina.loader.WebappClassLoader clearReferencesThreads
SEVERE: The web application [/konakart] appears to have started a thread named [Thread-9] but has failed to stop it. This is very likely to create a memory leak.
Sep 20, 2013 8:30:27 PM org.apache.catalina.loader.WebappClassLoader clearReferencesJdbc
SEVERE: The web application [/konakartadmin] registered the JDBC driver [com.mysql.jdbc.Driver] but failed to unregister it when the web application was stopped. To prevent a memory leak, the JDBC Driver has been forcibly unregistered.
Sep 20, 2013 8:30:27 PM org.apache.catalina.loader.WebappClassLoader clearReferencesThreads
SEVERE: The web application [/konakartadmin] appears to have started a thread named [Thread-15] but has failed to stop it. This is very likely to create a memory leak.
Sep 20, 2013 8:30:27 PM org.apache.coyote.AbstractProtocol stop
INFO: Stopping ProtocolHandler ["http-bio-8780"]
Sep 20, 2013 8:30:27 PM org.apache.coyote.AbstractProtocol stop
INFO: Stopping ProtocolHandler ["http-nio-8783"]
Sep 20, 2013 8:30:27 PM org.apache.coyote.AbstractProtocol stop
INFO: Stopping ProtocolHandler ["ajp-bio-8789"]
Sep 20, 2013 8:30:27 PM org.apache.coyote.AbstractProtocol destroy
INFO: Destroying ProtocolHandler ["http-bio-8780"]
Sep 20, 2013 8:30:27 PM org.apache.coyote.AbstractProtocol destroy
INFO: Destroying ProtocolHandler ["http-nio-8783"]
Sep 20, 2013 8:30:27 PM org.apache.coyote.AbstractProtocol destroy
INFO: Destroying ProtocolHandler ["ajp-bio-8789"]
Sep 20, 2013 8:30:30 PM org.apache.catalina.core.AprLifecycleListener init
INFO: The APR based Apache Tomcat Native library which allows optimal performance in production environments was not found on the java.library.path: .:/Library/Java/Extensions:/System/Library/Java/Extensions:/usr/lib/java
Sep 20, 2013 8:30:31 PM org.apache.coyote.AbstractProtocol init
INFO: Initializing ProtocolHandler ["http-bio-8780"]
Sep 20, 2013 8:30:31 PM org.apache.coyote.AbstractProtocol init
INFO: Initializing ProtocolHandler ["http-nio-8783"]
Sep 20, 2013 8:30:31 PM org.apache.tomcat.util.net.NioSelectorPool getSharedSelector
INFO: Using a shared selector for servlet write/read
Sep 20, 2013 8:30:31 PM org.apache.coyote.AbstractProtocol init
INFO: Initializing ProtocolHandler ["ajp-bio-8789"]
Sep 20, 2013 8:30:31 PM org.apache.catalina.startup.Catalina load
INFO: Initialization processed in 733 ms
Sep 20, 2013 8:30:31 PM org.apache.catalina.core.StandardService startInternal
INFO: Starting service Catalina
Sep 20, 2013 8:30:31 PM org.apache.catalina.core.StandardEngine startInternal
INFO: Starting Servlet Engine: Apache Tomcat/7.0.22
Sep 20, 2013 8:30:31 PM org.apache.catalina.startup.HostConfig deployDirectory
INFO: Deploying web application directory birtviewer
Sep 20, 2013 8:30:31 PM org.apache.catalina.startup.TaglibUriRule body
INFO: TLD skipped. URI: http://www.eclipse.org/birt/taglibs/birt.tld is already defined
Sep 20, 2013 8:30:33 PM org.apache.catalina.startup.HostConfig deployDirectory
INFO: Deploying web application directory javadoc
Sep 20, 2013 8:30:33 PM org.apache.catalina.startup.HostConfig deployDirectory
INFO: Deploying web application directory konakart
Sep 20, 2013 8:30:35 PM org.apache.catalina.startup.HostConfig deployDirectory
INFO: Deploying web application directory konakartadmin
Sep 20, 2013 8:30:36 PM org.apache.catalina.startup.HostConfig deployDirectory
INFO: Deploying web application directory ROOT
Sep 20, 2013 8:30:36 PM org.apache.coyote.AbstractProtocol start
INFO: Starting ProtocolHandler ["http-bio-8780"]
Sep 20, 2013 8:30:36 PM org.apache.coyote.AbstractProtocol start
INFO: Starting ProtocolHandler ["http-nio-8783"]
Sep 20, 2013 8:30:36 PM org.apache.coyote.AbstractProtocol start
INFO: Starting ProtocolHandler ["ajp-bio-8789"]
Sep 20, 2013 8:30:36 PM org.apache.catalina.startup.Catalina start
INFO: Server startup in 5567 ms
Sep 20, 2013 9:11:59 PM com.konakart.reports.GetDbParams <init>
WARNING: Cannot locate configuration source C:/Program Files/KonaKart/webapps/konakartadmin/WEB-INF/classes/konakartadmin.properties
Sep 20, 2013 9:13:12 PM org.apache.catalina.core.StandardServer await
INFO: A valid shutdown command was received via the shutdown port. Stopping the Server instance.
Sep 20, 2013 9:13:12 PM org.apache.coyote.AbstractProtocol pause
INFO: Pausing ProtocolHandler ["http-bio-8780"]
Sep 20, 2013 9:13:13 PM org.apache.coyote.AbstractProtocol pause
INFO: Pausing ProtocolHandler ["http-nio-8783"]
Sep 20, 2013 9:13:14 PM org.apache.coyote.AbstractProtocol pause
INFO: Pausing ProtocolHandler ["ajp-bio-8789"]
Sep 20, 2013 9:13:15 PM org.apache.catalina.core.StandardService stopInternal
INFO: Stopping service Catalina
Sep 20, 2013 9:13:15 PM org.apache.catalina.loader.WebappClassLoader checkThreadLocalMapForLeaks
SEVERE: The web application [/birtviewer] created a ThreadLocal with key of type [org.apache.axis.utils.XMLUtils.ThreadLocalDocumentBuilder] (value [org.apache.axis.utils.XMLUtils$ThreadLocalDocumentBuilder@66e04981]) and a value of type [org.apache.xerces.jaxp.DocumentBuilderImpl] (value [org.apache.xerces.jaxp.DocumentBuilderImpl@ef9e8eb]) but failed to remove it when the web application was stopped. Threads are going to be renewed over time to try and avoid a probable memory leak. 
Sep 20, 2013 9:13:15 PM org.apache.catalina.loader.WebappClassLoader clearReferencesJdbc
SEVERE: The web application [/konakart] registered the JDBC driver [com.mysql.jdbc.Driver] but failed to unregister it when the web application was stopped. To prevent a memory leak, the JDBC Driver has been forcibly unregistered.
Sep 20, 2013 9:13:15 PM org.apache.catalina.loader.WebappClassLoader clearReferencesThreads
SEVERE: The web application [/konakart] appears to have started a thread named [Thread-9] but has failed to stop it. This is very likely to create a memory leak.
Sep 20, 2013 9:13:15 PM org.apache.catalina.loader.WebappClassLoader clearReferencesJdbc
SEVERE: The web application [/konakartadmin] registered the JDBC driver [com.mysql.jdbc.Driver] but failed to unregister it when the web application was stopped. To prevent a memory leak, the JDBC Driver has been forcibly unregistered.
Sep 20, 2013 9:13:15 PM org.apache.catalina.loader.WebappClassLoader clearReferencesThreads
SEVERE: The web application [/konakartadmin] appears to have started a thread named [Thread-17] but has failed to stop it. This is very likely to create a memory leak.
Sep 20, 2013 9:13:15 PM org.apache.coyote.AbstractProtocol stop
INFO: Stopping ProtocolHandler ["http-bio-8780"]
Sep 20, 2013 9:13:15 PM org.apache.coyote.AbstractProtocol stop
INFO: Stopping ProtocolHandler ["http-nio-8783"]
Sep 20, 2013 9:13:15 PM org.apache.coyote.AbstractProtocol stop
INFO: Stopping ProtocolHandler ["ajp-bio-8789"]
Sep 20, 2013 9:13:15 PM org.apache.coyote.AbstractProtocol destroy
INFO: Destroying ProtocolHandler ["http-bio-8780"]
Sep 20, 2013 9:13:15 PM org.apache.coyote.AbstractProtocol destroy
INFO: Destroying ProtocolHandler ["http-nio-8783"]
Sep 20, 2013 9:13:15 PM org.apache.coyote.AbstractProtocol destroy
INFO: Destroying ProtocolHandler ["ajp-bio-8789"]
Sep 20, 2013 9:13:21 PM org.apache.catalina.core.AprLifecycleListener init
INFO: The APR based Apache Tomcat Native library which allows optimal performance in production environments was not found on the java.library.path: .:/Library/Java/Extensions:/System/Library/Java/Extensions:/usr/lib/java
Sep 20, 2013 9:13:21 PM org.apache.coyote.AbstractProtocol init
INFO: Initializing ProtocolHandler ["http-bio-8780"]
Sep 20, 2013 9:13:21 PM org.apache.coyote.AbstractProtocol init
INFO: Initializing ProtocolHandler ["http-nio-8783"]
Sep 20, 2013 9:13:21 PM org.apache.tomcat.util.net.NioSelectorPool getSharedSelector
INFO: Using a shared selector for servlet write/read
Sep 20, 2013 9:13:21 PM org.apache.coyote.AbstractProtocol init
INFO: Initializing ProtocolHandler ["ajp-bio-8789"]
Sep 20, 2013 9:13:21 PM org.apache.catalina.startup.Catalina load
INFO: Initialization processed in 748 ms
Sep 20, 2013 9:13:21 PM org.apache.catalina.core.StandardService startInternal
INFO: Starting service Catalina
Sep 20, 2013 9:13:21 PM org.apache.catalina.core.StandardEngine startInternal
INFO: Starting Servlet Engine: Apache Tomcat/7.0.22
Sep 20, 2013 9:13:21 PM org.apache.catalina.startup.HostConfig deployDirectory
INFO: Deploying web application directory birtviewer
Sep 20, 2013 9:13:22 PM org.apache.catalina.startup.TaglibUriRule body
INFO: TLD skipped. URI: http://www.eclipse.org/birt/taglibs/birt.tld is already defined
Sep 20, 2013 9:13:24 PM org.apache.catalina.startup.HostConfig deployDirectory
INFO: Deploying web application directory javadoc
Sep 20, 2013 9:13:24 PM org.apache.catalina.startup.HostConfig deployDirectory
INFO: Deploying web application directory konakart
Sep 20, 2013 9:13:26 PM org.apache.catalina.startup.HostConfig deployDirectory
INFO: Deploying web application directory konakartadmin
Sep 20, 2013 9:13:27 PM org.apache.catalina.startup.HostConfig deployDirectory
INFO: Deploying web application directory ROOT
Sep 20, 2013 9:13:27 PM org.apache.coyote.AbstractProtocol start
INFO: Starting ProtocolHandler ["http-bio-8780"]
Sep 20, 2013 9:13:27 PM org.apache.coyote.AbstractProtocol start
INFO: Starting ProtocolHandler ["http-nio-8783"]
Sep 20, 2013 9:13:27 PM org.apache.coyote.AbstractProtocol start
INFO: Starting ProtocolHandler ["ajp-bio-8789"]
Sep 20, 2013 9:13:27 PM org.apache.catalina.startup.Catalina start
INFO: Server startup in 5519 ms
Sep 20, 2013 9:14:50 PM org.apache.catalina.core.StandardServer await
INFO: A valid shutdown command was received via the shutdown port. Stopping the Server instance.
Sep 20, 2013 9:14:50 PM org.apache.coyote.AbstractProtocol pause
INFO: Pausing ProtocolHandler ["http-bio-8780"]
Sep 20, 2013 9:14:51 PM org.apache.coyote.AbstractProtocol pause
INFO: Pausing ProtocolHandler ["http-nio-8783"]
Sep 20, 2013 9:14:52 PM org.apache.coyote.AbstractProtocol pause
INFO: Pausing ProtocolHandler ["ajp-bio-8789"]
Sep 20, 2013 9:14:53 PM org.apache.catalina.core.StandardService stopInternal
INFO: Stopping service Catalina
Sep 20, 2013 9:14:53 PM org.apache.catalina.loader.WebappClassLoader clearReferencesJdbc
SEVERE: The web application [/konakart] registered the JDBC driver [com.mysql.jdbc.Driver] but failed to unregister it when the web application was stopped. To prevent a memory leak, the JDBC Driver has been forcibly unregistered.
Sep 20, 2013 9:14:53 PM org.apache.catalina.loader.WebappClassLoader clearReferencesThreads
SEVERE: The web application [/konakart] appears to have started a thread named [Thread-9] but has failed to stop it. This is very likely to create a memory leak.
Sep 20, 2013 9:14:53 PM org.apache.catalina.loader.WebappClassLoader clearReferencesJdbc
SEVERE: The web application [/konakartadmin] registered the JDBC driver [com.mysql.jdbc.Driver] but failed to unregister it when the web application was stopped. To prevent a memory leak, the JDBC Driver has been forcibly unregistered.
Sep 20, 2013 9:14:53 PM org.apache.catalina.loader.WebappClassLoader clearReferencesThreads
SEVERE: The web application [/konakartadmin] appears to have started a thread named [Thread-15] but has failed to stop it. This is very likely to create a memory leak.
Sep 20, 2013 9:14:53 PM org.apache.coyote.AbstractProtocol stop
INFO: Stopping ProtocolHandler ["http-bio-8780"]
Sep 20, 2013 9:14:53 PM org.apache.coyote.AbstractProtocol stop
INFO: Stopping ProtocolHandler ["http-nio-8783"]
Sep 20, 2013 9:14:53 PM org.apache.coyote.AbstractProtocol stop
INFO: Stopping ProtocolHandler ["ajp-bio-8789"]
Sep 20, 2013 9:14:53 PM org.apache.coyote.AbstractProtocol destroy
INFO: Destroying ProtocolHandler ["http-bio-8780"]
Sep 20, 2013 9:14:53 PM org.apache.coyote.AbstractProtocol destroy
INFO: Destroying ProtocolHandler ["http-nio-8783"]
Sep 20, 2013 9:14:53 PM org.apache.coyote.AbstractProtocol destroy
INFO: Destroying ProtocolHandler ["ajp-bio-8789"]
