Sep 20, 2013 7:47:05 PM org.apache.catalina.core.StandardContext listenerStart
SEVERE: Exception sending context initialized event to listener instance of class org.apache.struts2.tiles.StrutsTilesListener
java.lang.IllegalStateException: Unable to instantiate container.
	at org.apache.tiles.web.startup.TilesListener.contextInitialized(TilesListener.java:60)
	at org.apache.catalina.core.StandardContext.listenerStart(StandardContext.java:4723)
	at org.apache.catalina.core.StandardContext$1.call(StandardContext.java:5226)
	at org.apache.catalina.core.StandardContext$1.call(StandardContext.java:5221)
	at java.util.concurrent.FutureTask$Sync.innerRun(FutureTask.java:303)
	at java.util.concurrent.FutureTask.run(FutureTask.java:138)
	at java.util.concurrent.ThreadPoolExecutor$Worker.runTask(ThreadPoolExecutor.java:895)
	at java.util.concurrent.ThreadPoolExecutor$Worker.run(ThreadPoolExecutor.java:918)
	at java.lang.Thread.run(Thread.java:680)
Caused by: org.apache.tiles.definition.DefinitionsFactoryException: I/O Error reading definitions.
	at org.apache.tiles.definition.digester.DigesterDefinitionsReader.read(DigesterDefinitionsReader.java:273)
	at org.apache.tiles.definition.UrlDefinitionsFactory.readDefinitions(UrlDefinitionsFactory.java:286)
	at org.apache.tiles.definition.UrlDefinitionsFactory.init(UrlDefinitionsFactory.java:130)
	at org.apache.tiles.impl.BasicTilesContainer.initializeDefinitionsFactory(BasicTilesContainer.java:406)
	at org.apache.tiles.impl.BasicTilesContainer.init(BasicTilesContainer.java:130)
	at org.apache.tiles.factory.TilesContainerFactory.initializeContainer(TilesContainerFactory.java:232)
	at org.apache.tiles.factory.TilesContainerFactory.createTilesContainer(TilesContainerFactory.java:198)
	at org.apache.tiles.factory.TilesContainerFactory.createContainer(TilesContainerFactory.java:163)
	at org.apache.tiles.web.startup.TilesListener.createContainer(TilesListener.java:90)
	at org.apache.struts2.tiles.StrutsTilesListener.createContainer(StrutsTilesListener.java:70)
	at org.apache.tiles.web.startup.TilesListener.contextInitialized(TilesListener.java:57)
	... 8 more
Caused by: java.net.UnknownHostException: tiles.apache.org
	at java.net.PlainSocketImpl.connect(PlainSocketImpl.java:223)
	at java.net.SocksSocketImpl.connect(SocksSocketImpl.java:431)
	at java.net.Socket.connect(Socket.java:527)
	at java.net.Socket.connect(Socket.java:476)
	at sun.net.NetworkClient.doConnect(NetworkClient.java:163)
	at sun.net.www.http.HttpClient.openServer(HttpClient.java:388)
	at sun.net.www.http.HttpClient.openServer(HttpClient.java:523)
	at sun.net.www.http.HttpClient.<init>(HttpClient.java:227)
	at sun.net.www.http.HttpClient.New(HttpClient.java:300)
	at sun.net.www.http.HttpClient.New(HttpClient.java:317)
	at sun.net.www.protocol.http.HttpURLConnection.getNewHttpClient(HttpURLConnection.java:970)
	at sun.net.www.protocol.http.HttpURLConnection.plainConnect(HttpURLConnection.java:911)
	at sun.net.www.protocol.http.HttpURLConnection.connect(HttpURLConnection.java:836)
	at sun.net.www.protocol.http.HttpURLConnection.getInputStream(HttpURLConnection.java:1172)
	at org.apache.commons.digester.Digester.createInputSourceFromURL(Digester.java:2072)
	at org.apache.commons.digester.Digester.resolveEntity(Digester.java:1725)
	at org.apache.xerces.util.EntityResolverWrapper.resolveEntity(Unknown Source)
	at org.apache.xerces.impl.XMLEntityManager.resolveEntity(Unknown Source)
	at org.apache.xerces.impl.XMLDocumentScannerImpl$DTDDispatcher.dispatch(Unknown Source)
	at org.apache.xerces.impl.XMLDocumentFragmentScannerImpl.scanDocument(Unknown Source)
	at org.apache.xerces.parsers.XML11Configuration.parse(Unknown Source)
	at org.apache.xerces.parsers.XML11Configuration.parse(Unknown Source)
	at org.apache.xerces.parsers.XMLParser.parse(Unknown Source)
	at org.apache.xerces.parsers.AbstractSAXParser.parse(Unknown Source)
	at org.apache.xerces.jaxp.SAXParserImpl$JAXPSAXParser.parse(Unknown Source)
	at org.apache.commons.digester.Digester.parse(Digester.java:1887)
	at org.apache.tiles.definition.digester.DigesterDefinitionsReader.read(DigesterDefinitionsReader.java:267)
	... 18 more
